<?xml version="1.0" encoding="UTF-8"?>
<testng-results ignored="0" total="1" passed="1" failed="0" skipped="0">
  <reporter-output>
  </reporter-output>
  <suite started-at="2023-09-26T19:53:07 IST" name="Default suite" finished-at="2023-09-26T19:53:19 IST" duration-ms="12197">
    <groups>
    </groups>
    <test started-at="2023-09-26T19:53:07 IST" name="Default test" finished-at="2023-09-26T19:53:19 IST" duration-ms="12197">
      <class name="LoginClass">
        <test-method signature="login()[pri:0, instance:LoginClass@58cbafc2]" started-at="2023-09-26T19:53:07 IST" name="login" finished-at="2023-09-26T19:53:19 IST" duration-ms="12114" status="PASS">
          <reporter-output>
          </reporter-output>
        </test-method> <!-- login -->
      </class> <!-- LoginClass -->
    </test> <!-- Default test -->
  </suite> <!-- Default suite -->
</testng-results>
